{"EventTime":"2021-10-20T13:39:12Z","Computer":"FS03.offsec.lan","Channel":"Security","Provider":"Microsoft-Windows-Eventlog","EventID":1102,"EventRecordID":67099,"UserSID":null,"Username":"","EventData":null,"UserData":{"LogFileCleared":{"SubjectUserSid":"S-1-5-21-4230534742-2542757381-3142984815-1111","SubjectUserName":"admmig","SubjectDomainName":"OFFSEC","SubjectLogonId":32818783}},"Message":"","OSPath":"/triage/evtx/ID4624-Mimikatz Pass the hash.evtx"}
{"EventTime":"2021-10-20T13:39:17Z","Computer":"FS03.offsec.lan","Channel":"Security","Provider":"Microsoft-Windows-Security-Auditing","EventID":4964,"EventRecordID":67100,"UserSID":null,"Username":"","EventData":{"SubjectUserSid":"S-1-5-21-4230534742-2542757381-3142984815-1111","SubjectUserName":"admmig","SubjectDomainName":"OFFSEC","SubjectLogonId":32818783,"LogonGuid":"438B6156-A481-8BB7-01F5-A86C88180217","TargetUserSid":"S-1-5-21-4230534742-2542757381-3142984815-1111","TargetUserName":"admmig","TargetDomainName":"OFFSEC","TargetLogonId":40296517,"TargetLogonGuid":"00000000-0000-0000-0000-000000000000","SidList":"\r\n\t\t%{S-1-5-21-4230534742-2542757381-3142984815-1613}"},"UserData":null,"Message":"","OSPath":"/triage/evtx/ID4624-Mimikatz Pass the hash.evtx"}
{"EventTime":"2021-10-20T13:39:17Z","Computer":"FS03.offsec.lan","Channel":"Security","Provider":"Microsoft-Windows-Security-Auditing","EventID":4624,"EventRecordID":67101,"UserSID":null,"Username":"","EventData":{"SubjectUserSid":"S-1-5-21-4230534742-2542757381-3142984815-1111","SubjectUserName":"admmig","SubjectDomainName":"OFFSEC","SubjectLogonId":32818783,"TargetUserSid":"S-1-5-21-4230534742-2542757381-3142984815-1111","TargetUserName":"admmig","TargetDomainName":"OFFSEC","TargetLogonId":40296517,"LogonType":9,"LogonProcessName":"seclogo","AuthenticationPackageName":"Negotiate","WorkstationName":"-","LogonGuid":"00000000-0000-0000-0000-000000000000","TransmittedServices":"-","LmPackageName":"-","KeyLength":0,"ProcessId":768,"ProcessName":"C:\\Windows\\System32\\svchost.exe","IpAddress":"::1","IpPort":"0","ImpersonationLevel":"%%1833"},"UserData":null,"Message":"","OSPath":"/triage/evtx/ID4624-Mimikatz Pass the hash.evtx"}
{"EventTime":"2021-10-20T13:39:17Z","Computer":"FS03.offsec.lan","Channel":"Security","Provider":"Microsoft-Windows-Security-Auditing","EventID":4672,"EventRecordID":67102,"UserSID":null,"Username":"","EventData":{"SubjectUserSid":"S-1-5-21-4230534742-2542757381-3142984815-1111","SubjectUserName":"admmig","SubjectDomainName":"OFFSEC","SubjectLogonId":40296517,"PrivilegeList":"SeSecurityPrivilege\r\n\t\t\tSeTakeOwnershipPrivilege\r\n\t\t\tSeLoadDriverPrivilege\r\n\t\t\tSeBackupPrivilege\r\n\t\t\tSeRestorePrivilege\r\n\t\t\tSeDebugPrivilege\r\n\t\t\tSeSystemEnvironmentPrivilege\r\n\t\t\tSeImpersonatePrivilege"},"UserData":null,"Message":"","OSPath":"/triage/evtx/ID4624-Mimikatz Pass the hash.evtx"}
{"EventTime":"2021-10-20T13:39:17Z","Computer":"FS03.offsec.lan","Channel":"Security","Provider":"Microsoft-Windows-Security-Auditing","EventID":4688,"EventRecordID":67103,"UserSID":null,"Username":"","EventData":{"SubjectUserSid":"S-1-5-18","SubjectUserName":"FS03$","SubjectDomainName":"OFFSEC","SubjectLogonId":999,"NewProcessId":3700,"NewProcessName":"C:\\Windows\\System32\\cmd.exe","TokenElevationType":"%%1936","ProcessId":1132,"CommandLine":"cmd.exe","TargetUserSid":"S-1-0-0","TargetUserName":"admmig","TargetDomainName":"OFFSEC","TargetLogonId":40296517},"UserData":null,"Message":"","OSPath":"/triage/evtx/ID4624-Mimikatz Pass the hash.evtx"}
{"EventTime":"2021-10-20T13:39:17Z","Computer":"FS03.offsec.lan","Channel":"Security","Provider":"Microsoft-Windows-Security-Auditing","EventID":4688,"EventRecordID":67104,"UserSID":null,"Username":"","EventData":{"SubjectUserSid":"S-1-5-21-4230534742-2542757381-3142984815-1111","SubjectUserName":"admmig","SubjectDomainName":"OFFSEC","SubjectLogonId":40296517,"NewProcessId":1712,"NewProcessName":"C:\\Windows\\System32\\conhost.exe","TokenElevationType":"%%1936","ProcessId":3700,"CommandLine":"\\??\\C:\\Windows\\system32\\conhost.exe 0xffffffff","TargetUserSid":"S-1-0-0","TargetUserName":"-","TargetDomainName":"-","TargetLogonId":0},"UserData":null,"Message":"","OSPath":"/triage/evtx/ID4624-Mimikatz Pass the hash.evtx"}
{"EventTime":"2021-10-20T13:39:21Z","Computer":"FS03.offsec.lan","Channel":"Security","Provider":"Microsoft-Windows-Security-Auditing","EventID":5145,"EventRecordID":67105,"UserSID":null,"Username":"","EventData":{"SubjectUserSid":"S-1-5-21-4230534742-2542757381-3142984815-1111","SubjectUserName":"admmig","SubjectDomainName":"OFFSEC","SubjectLogonId":40024939,"ObjectType":"File","IpAddress":"10.23.23.9","IpPort":"61966","ShareName":"\\\\*\\C$","ShareLocalPath":"\\??\\C:\\","RelativeTargetName":"\\","AccessMask":1048705,"AccessList":"%%1541\r\n\t\t\t\t%%4416\r\n\t\t\t\t%%4423\r\n\t\t\t\t","AccessReason":"-"},"UserData":null,"Message":"","OSPath":"/triage/evtx/ID4624-Mimikatz Pass the hash.evtx"}
{"EventTime":"2021-10-20T13:39:21Z","Computer":"FS03.offsec.lan","Channel":"Security","Provider":"Microsoft-Windows-Security-Auditing","EventID":5145,"EventRecordID":67106,"UserSID":null,"Username":"","EventData":{"SubjectUserSid":"S-1-5-21-4230534742-2542757381-3142984815-1111","SubjectUserName":"admmig","SubjectDomainName":"OFFSEC","SubjectLogonId":40024939,"ObjectType":"File","IpAddress":"10.23.23.9","IpPort":"61964","ShareName":"\\\\*\\C$","ShareLocalPath":"\\??\\C:\\","RelativeTargetName":"Sysmon\\desktop.ini","AccessMask":1179785,"AccessList":"%%1538\r\n\t\t\t\t%%1541\r\n\t\t\t\t%%4416\r\n\t\t\t\t%%4419\r\n\t\t\t\t%%4423\r\n\t\t\t\t","AccessReason":"-"},"UserData":null,"Message":"","OSPath":"/triage/evtx/ID4624-Mimikatz Pass the hash.evtx"}
{"EventTime":"2022-01-07T22:05:06Z","Computer":"FS03.offsec.lan","Channel":"Security","Provider":"Microsoft-Windows-Eventlog","EventID":1102,"EventRecordID":1635998,"UserSID":null,"Username":"","EventData":null,"UserData":{"LogFileCleared":{"SubjectUserSid":"S-1-5-21-4230534742-2542757381-3142984815-1111","SubjectUserName":"admmig","SubjectDomainName":"OFFSEC","SubjectLogonId":145795798}},"Message":"","OSPath":"/triage/evtx/ID4648-4624-RunAsCS login.evtx"}
{"EventTime":"2022-01-07T22:05:07Z","Computer":"FS03.offsec.lan","Channel":"Security","Provider":"Microsoft-Windows-Security-Auditing","EventID":4648,"EventRecordID":1635999,"UserSID":null,"Username":"","EventData":{"SubjectUserSid":"S-1-5-21-4230534742-2542757381-3142984815-1111","SubjectUserName":"admmig","SubjectDomainName":"OFFSEC","SubjectLogonId":145795798,"LogonGuid":"C4C6D57E-67C1-4D4C-700C-D078B36C742C","TargetUserName":"test10","TargetDomainName":"OFFSEC","TargetLogonGuid":"B1DEF3BE-3614-0B9B-D23B-60C8FF7B760C","TargetServerName":"localhost","TargetInfo":"localhost","ProcessId":2512,"ProcessName":"C:\\Windows\\System32\\WindowsPowerShell\\v1.0\\powershell.exe","IpAddress":"-","IpPort":"-"},"UserData":null,"Message":"","OSPath":"/triage/evtx/ID4648-4624-RunAsCS login.evtx"}
{"EventTime":"2022-01-07T22:05:07Z","Computer":"FS03.offsec.lan","Channel":"Security","Provider":"Microsoft-Windows-Security-Auditing","EventID":4624,"EventRecordID":1636000,"UserSID":null,"Username":"","EventData":{"SubjectUserSid":"S-1-5-21-4230534742-2542757381-3142984815-1111","SubjectUserName":"admmig","SubjectDomainName":"OFFSEC","SubjectLogonId":145795798,"TargetUserSid":"S-1-5-21-4230534742-2542757381-3142984815-1299","TargetUserName":"test10","TargetDomainName":"OFFSEC","TargetLogonId":253142456,"LogonType":3,"LogonProcessName":"Advapi  ","AuthenticationPackageName":"Negotiate","WorkstationName":"FS03","LogonGuid":"B1DEF3BE-3614-0B9B-D23B-60C8FF7B760C","TransmittedServices":"-","LmPackageName":"-","KeyLength":0,"ProcessId":2512,"ProcessName":"C:\\Windows\\System32\\WindowsPowerShell\\v1.0\\powershell.exe","IpAddress":"-","IpPort":"-","ImpersonationLevel":"%%1833"},"UserData":null,"Message":"","OSPath":"/triage/evtx/ID4648-4624-RunAsCS login.evtx"}
{"EventTime":"2022-01-07T22:05:07Z","Computer":"FS03.offsec.lan","Channel":"Security","Provider":"Microsoft-Windows-Security-Auditing","EventID":4688,"EventRecordID":1636001,"UserSID":null,"Username":"","EventData":{"SubjectUserSid":"S-1-5-18","SubjectUserName":"FS03$","SubjectDomainName":"OFFSEC","SubjectLogonId":999,"NewProcessId":3452,"NewProcessName":"C:\\Windows\\System32\\cmd.exe","TokenElevationType":"%%1936","ProcessId":2512,"CommandLine":"/c whoami","TargetUserSid":"S-1-0-0","TargetUserName":"test10","TargetDomainName":"OFFSEC","TargetLogonId":253142456},"UserData":null,"Message":"","OSPath":"/triage/evtx/ID4648-4624-RunAsCS login.evtx"}
{"EventTime":"2022-01-07T22:05:07Z","Computer":"FS03.offsec.lan","Channel":"Security","Provider":"Microsoft-Windows-Security-Auditing","EventID":4688,"EventRecordID":1636002,"UserSID":null,"Username":"","EventData":{"SubjectUserSid":"S-1-5-21-4230534742-2542757381-3142984815-1299","SubjectUserName":"test10","SubjectDomainName":"OFFSEC","SubjectLogonId":253142456,"NewProcessId":1080,"NewProcessName":"C:\\Windows\\System32\\conhost.exe","TokenElevationType":"%%1936","ProcessId":3452,"CommandLine":"\\??\\C:\\Windows\\system32\\conhost.exe 0xffffffff","TargetUserSid":"S-1-0-0","TargetUserName":"-","TargetDomainName":"-","TargetLogonId":0},"UserData":null,"Message":"","OSPath":"/triage/evtx/ID4648-4624-RunAsCS login.evtx"}
{"EventTime":"2022-01-07T22:05:07Z","Computer":"FS03.offsec.lan","Channel":"Security","Provider":"Microsoft-Windows-Security-Auditing","EventID":4688,"EventRecordID":1636003,"UserSID":null,"Username":"","EventData":{"SubjectUserSid":"S-1-5-21-4230534742-2542757381-3142984815-1299","SubjectUserName":"test10","SubjectDomainName":"OFFSEC","SubjectLogonId":253142456,"NewProcessId":564,"NewProcessName":"C:\\Windows\\System32\\whoami.exe","TokenElevationType":"%%1936","ProcessId":3452,"CommandLine":"whoami","TargetUserSid":"S-1-0-0","TargetUserName":"-","TargetDomainName":"-","TargetLogonId":0},"UserData":null,"Message":"","OSPath":"/triage/evtx/ID4648-4624-RunAsCS login.evtx"}
